log4j:WARN No appenders could be found for logger (org.apache.hadoop.util.Shell).
log4j:WARN Please initialize the log4j system properly.
log4j:WARN See http://logging.apache.org/log4j/1.2/faq.html#noconfig for more info.
Connecting to jdbc:hive2://hadoop-03.uni.innopolis.ru:10001
Connected to: Apache Hive (version 3.1.3)
Driver: Hive JDBC (version 2.3.9)
Transaction isolation: TRANSACTION_REPEATABLE_READ
INFO  : Compiling command(queryId=hive_20250509142130_da29917e-0007-4b5e-9c8b-0c83f98701fd): USE team26_projectdb
INFO  : Semantic Analysis Completed (retrial = false)
INFO  : Returning Hive schema: Schema(fieldSchemas:null, properties:null)
INFO  : EXPLAIN output for queryid hive_20250509142130_da29917e-0007-4b5e-9c8b-0c83f98701fd : STAGE DEPENDENCIES:
  Stage-0 is a root stage [DDL]

STAGE PLANS:
  Stage: Stage-0


INFO  : Completed compiling command(queryId=hive_20250509142130_da29917e-0007-4b5e-9c8b-0c83f98701fd); Time taken: 0.093 seconds
INFO  : Executing command(queryId=hive_20250509142130_da29917e-0007-4b5e-9c8b-0c83f98701fd): USE team26_projectdb
INFO  : Starting task [Stage-0:DDL] in serial mode
INFO  : Completed executing command(queryId=hive_20250509142130_da29917e-0007-4b5e-9c8b-0c83f98701fd); Time taken: 0.092 seconds
INFO  : OK
No rows affected (0.242 seconds)
INFO  : Compiling command(queryId=hive_20250509142130_d427b558-96ff-45db-b845-fbdf78404be8): CREATE EXTERNAL TABLE IF NOT EXISTS model1_predictions (
delay_from_typical_traffic DOUBLE,
prediction DOUBLE
)
ROW FORMAT DELIMITED
FIELDS TERMINATED BY ','
STORED AS TEXTFILE
LOCATION '/user/team26/project/output/model1_predictions'
TBLPROPERTIES ('skip.header.line.count'='1')
INFO  : Semantic Analysis Completed (retrial = false)
INFO  : Returning Hive schema: Schema(fieldSchemas:null, properties:null)
INFO  : EXPLAIN output for queryid hive_20250509142130_d427b558-96ff-45db-b845-fbdf78404be8 : STAGE DEPENDENCIES:
  Stage-0 is a root stage [DDL]

STAGE PLANS:
  Stage: Stage-0
      Create Table Operator:
        Create Table
          columns: delay_from_typical_traffic double, prediction double
          field delimiter: ,
          if not exists: true
          input format: org.apache.hadoop.mapred.TextInputFormat
          location: /user/team26/project/output/model1_predictions
          output format: org.apache.hadoop.hive.ql.io.IgnoreKeyTextOutputFormat
          serde name: org.apache.hadoop.hive.serde2.lazy.LazySimpleSerDe
          name: team26_projectdb.model1_predictions
          table properties:
            skip.header.line.count 1
          isExternal: true


INFO  : Completed compiling command(queryId=hive_20250509142130_d427b558-96ff-45db-b845-fbdf78404be8); Time taken: 0.115 seconds
INFO  : Executing command(queryId=hive_20250509142130_d427b558-96ff-45db-b845-fbdf78404be8): CREATE EXTERNAL TABLE IF NOT EXISTS model1_predictions (
delay_from_typical_traffic DOUBLE,
prediction DOUBLE
)
ROW FORMAT DELIMITED
FIELDS TERMINATED BY ','
STORED AS TEXTFILE
LOCATION '/user/team26/project/output/model1_predictions'
TBLPROPERTIES ('skip.header.line.count'='1')
INFO  : Starting task [Stage-0:DDL] in serial mode
INFO  : Completed executing command(queryId=hive_20250509142130_d427b558-96ff-45db-b845-fbdf78404be8); Time taken: 0.172 seconds
INFO  : OK
No rows affected (0.442 seconds)
INFO  : Compiling command(queryId=hive_20250509142130_2c5564cc-4681-4912-982b-3fa692cd2a3e): CREATE EXTERNAL TABLE IF NOT EXISTS model2_predictions (
delay_from_typical_traffic DOUBLE,
prediction DOUBLE
)
ROW FORMAT DELIMITED
FIELDS TERMINATED BY ','
STORED AS TEXTFILE
LOCATION '/user/team26/project/output/model2_predictions'
TBLPROPERTIES ('skip.header.line.count'='1')
INFO  : Semantic Analysis Completed (retrial = false)
INFO  : Returning Hive schema: Schema(fieldSchemas:null, properties:null)
INFO  : EXPLAIN output for queryid hive_20250509142130_2c5564cc-4681-4912-982b-3fa692cd2a3e : STAGE DEPENDENCIES:
  Stage-0 is a root stage [DDL]

STAGE PLANS:
  Stage: Stage-0
      Create Table Operator:
        Create Table
          columns: delay_from_typical_traffic double, prediction double
          field delimiter: ,
          if not exists: true
          input format: org.apache.hadoop.mapred.TextInputFormat
          location: /user/team26/project/output/model2_predictions
          output format: org.apache.hadoop.hive.ql.io.IgnoreKeyTextOutputFormat
          serde name: org.apache.hadoop.hive.serde2.lazy.LazySimpleSerDe
          name: team26_projectdb.model2_predictions
          table properties:
            skip.header.line.count 1
          isExternal: true


INFO  : Completed compiling command(queryId=hive_20250509142130_2c5564cc-4681-4912-982b-3fa692cd2a3e); Time taken: 0.123 seconds
INFO  : Executing command(queryId=hive_20250509142130_2c5564cc-4681-4912-982b-3fa692cd2a3e): CREATE EXTERNAL TABLE IF NOT EXISTS model2_predictions (
delay_from_typical_traffic DOUBLE,
prediction DOUBLE
)
ROW FORMAT DELIMITED
FIELDS TERMINATED BY ','
STORED AS TEXTFILE
LOCATION '/user/team26/project/output/model2_predictions'
TBLPROPERTIES ('skip.header.line.count'='1')
INFO  : Starting task [Stage-0:DDL] in serial mode
INFO  : Completed executing command(queryId=hive_20250509142130_2c5564cc-4681-4912-982b-3fa692cd2a3e); Time taken: 0.164 seconds
INFO  : OK
No rows affected (0.401 seconds)
INFO  : Compiling command(queryId=hive_20250509142131_320492ad-7a44-4ea2-adaa-07a9c06ea097): CREATE EXTERNAL TABLE IF NOT EXISTS model_evaluation (
Model STRING,
RMSE DOUBLE,
R2 DOUBLE,
MAE DOUBLE
)
ROW FORMAT DELIMITED
FIELDS TERMINATED BY ','
STORED AS TEXTFILE
LOCATION '/user/team26/project/output/evaluation'
TBLPROPERTIES ('skip.header.line.count'='1')
INFO  : Semantic Analysis Completed (retrial = false)
INFO  : Returning Hive schema: Schema(fieldSchemas:null, properties:null)
INFO  : EXPLAIN output for queryid hive_20250509142131_320492ad-7a44-4ea2-adaa-07a9c06ea097 : STAGE DEPENDENCIES:
  Stage-0 is a root stage [DDL]

STAGE PLANS:
  Stage: Stage-0
      Create Table Operator:
        Create Table
          columns: model string, rmse double, r2 double, mae double
          field delimiter: ,
          if not exists: true
          input format: org.apache.hadoop.mapred.TextInputFormat
          location: /user/team26/project/output/evaluation
          output format: org.apache.hadoop.hive.ql.io.IgnoreKeyTextOutputFormat
          serde name: org.apache.hadoop.hive.serde2.lazy.LazySimpleSerDe
          name: team26_projectdb.model_evaluation
          table properties:
            skip.header.line.count 1
          isExternal: true


INFO  : Completed compiling command(queryId=hive_20250509142131_320492ad-7a44-4ea2-adaa-07a9c06ea097); Time taken: 0.077 seconds
INFO  : Executing command(queryId=hive_20250509142131_320492ad-7a44-4ea2-adaa-07a9c06ea097): CREATE EXTERNAL TABLE IF NOT EXISTS model_evaluation (
Model STRING,
RMSE DOUBLE,
R2 DOUBLE,
MAE DOUBLE
)
ROW FORMAT DELIMITED
FIELDS TERMINATED BY ','
STORED AS TEXTFILE
LOCATION '/user/team26/project/output/evaluation'
TBLPROPERTIES ('skip.header.line.count'='1')
INFO  : Starting task [Stage-0:DDL] in serial mode
INFO  : Completed executing command(queryId=hive_20250509142131_320492ad-7a44-4ea2-adaa-07a9c06ea097); Time taken: 0.157 seconds
INFO  : OK
No rows affected (0.344 seconds)
Closing: 0: jdbc:hive2://hadoop-03.uni.innopolis.ru:10001
