0: jdbc:hive2://hadoop-03.uni.innopolis.ru:10> USE team26_projectdb;
0: jdbc:hive2://hadoop-03.uni.innopolis.ru:10> 
0: jdbc:hive2://hadoop-03.uni.innopolis.ru:10> DROP TABLE IF EXISTS ${hivevar:RE SULT_TABLE};
0: jdbc:hive2://hadoop-03.uni.innopolis.ru:10> 
0: jdbc:hive2://hadoop-03.uni.innopolis.ru:10> CREATE EXTERNAL TABLE ${hivevar:R ESULT_TABLE} (
. . . . . . . . . . . . . . . . . . . . . . .>     weather_event STRING,
. . . . . . . . . . . . . . . . . . . . . . .>     severe_count BIGINT,
. . . . . . . . . . . . . . . . . . . . . . .>     total_count BIGINT,
. . . . . . . . . . . . . . . . . . . . . . .>     share_severe DOUBLE
. . . . . . . . . . . . . . . . . . . . . . .> )
. . . . . . . . . . . . . . . . . . . . . . .> ROW FORMAT DELIMITED
. . . . . . . . . . . . . . . . . . . . . . .> FIELDS TERMINATED BY ','
. . . . . . . . . . . . . . . . . . . . . . .> LOCATION '${hivevar:WAREHOUSE_PAT H}';
0: jdbc:hive2://hadoop-03.uni.innopolis.ru:10> 
0: jdbc:hive2://hadoop-03.uni.innopolis.ru:10> INSERT INTO ${hivevar:RESULT_TABL E}
. . . . . . . . . . . . . . . . . . . . . . .> SELECT
. . . . . . . . . . . . . . . . . . . . . . .>     COALESCE(weather_event, '(non e)') AS weather_event,
. . . . . . . . . . . . . . . . . . . . . . .>     SUM(CASE WHEN severity >= 3 T HEN 1 ELSE 0 END) AS severe_count,
. . . . . . . . . . . . . . . . . . . . . . .>     COUNT(*) AS total_count,
. . . . . . . . . . . . . . . . . . . . . . .>     SUM(CASE WHEN severity >= 3 T HEN 1 ELSE 0 END) / COUNT(*) AS share_severe
. . . . . . . . . . . . . . . . . . . . . . .> FROM traffic_partitioned
. . . . . . . . . . . . . . . . . . . . . . .> GROUP BY COALESCE(weather_event,  '(none)')
. . . . . . . . . . . . . . . . . . . . . . .> ORDER BY share_severe DESC;
0: jdbc:hive2://hadoop-03.uni.innopolis.ru:10> 
0: jdbc:hive2://hadoop-03.uni.innopolis.ru:10> INSERT OVERWRITE DIRECTORY '${hiv evar:OUTPUT_PATH}'
. . . . . . . . . . . . . . . . . . . . . . .> ROW FORMAT DELIMITED
. . . . . . . . . . . . . . . . . . . . . . .> FIELDS TERMINATED BY ','
. . . . . . . . . . . . . . . . . . . . . . .> SELECT * FROM ${hivevar:RESULT_TA BLE};
0: jdbc:hive2://hadoop-03.uni.innopolis.ru:10> 
0: jdbc:hive2://hadoop-03.uni.innopolis.ru:10> 