0: jdbc:hive2://hadoop-03.uni.innopolis.ru:10> USE team26_projectdb;
0: jdbc:hive2://hadoop-03.uni.innopolis.ru:10> 
0: jdbc:hive2://hadoop-03.uni.innopolis.ru:10> DROP TABLE IF EXISTS ${hivevar:RE SULT_TABLE};
0: jdbc:hive2://hadoop-03.uni.innopolis.ru:10> 
0: jdbc:hive2://hadoop-03.uni.innopolis.ru:10> CREATE EXTERNAL TABLE ${hivevar:R ESULT_TABLE} (
. . . . . . . . . . . . . . . . . . . . . . .>     metric_a STRING,
. . . . . . . . . . . . . . . . . . . . . . .>     metric_b STRING,
. . . . . . . . . . . . . . . . . . . . . . .>     corr_value DOUBLE
. . . . . . . . . . . . . . . . . . . . . . .> )
. . . . . . . . . . . . . . . . . . . . . . .> ROW FORMAT DELIMITED
. . . . . . . . . . . . . . . . . . . . . . .> FIELDS TERMINATED BY ','
. . . . . . . . . . . . . . . . . . . . . . .> LOCATION '${hivevar:WAREHOUSE_PAT H}';
0: jdbc:hive2://hadoop-03.uni.innopolis.ru:10> 
0: jdbc:hive2://hadoop-03.uni.innopolis.ru:10> INSERT INTO ${hivevar:RESULT_TABL E}
. . . . . . . . . . . . . . . . . . . . . . .> SELECT 'delay_from_typical_traffi c', 'distance',
. . . . . . . . . . . . . . . . . . . . . . .>        corr(delay_from_typical_tr affic, distance) AS corr_value
. . . . . . . . . . . . . . . . . . . . . . .> FROM traffic_partitioned
. . . . . . . . . . . . . . . . . . . . . . .> UNION ALL
. . . . . . . . . . . . . . . . . . . . . . .> SELECT 'delay_from_typical_traffi c', 'precipitation',
. . . . . . . . . . . . . . . . . . . . . . .>        corr(delay_from_typical_tr affic, precipitation)
. . . . . . . . . . . . . . . . . . . . . . .> FROM traffic_partitioned
. . . . . . . . . . . . . . . . . . . . . . .> UNION ALL
. . . . . . . . . . . . . . . . . . . . . . .> SELECT 'distance', 'precipitation ',
. . . . . . . . . . . . . . . . . . . . . . .>        corr(distance, precipitati on)
. . . . . . . . . . . . . . . . . . . . . . .> FROM traffic_partitioned
. . . . . . . . . . . . . . . . . . . . . . .> UNION ALL
. . . . . . . . . . . . . . . . . . . . . . .> SELECT 'temperature', 'humidity', 
. . . . . . . . . . . . . . . . . . . . . . .>        corr(temperature, humidity )
. . . . . . . . . . . . . . . . . . . . . . .> FROM traffic_partitioned;
0: jdbc:hive2://hadoop-03.uni.innopolis.ru:10> 
0: jdbc:hive2://hadoop-03.uni.innopolis.ru:10> INSERT OVERWRITE DIRECTORY '${hiv evar:OUTPUT_PATH}'
. . . . . . . . . . . . . . . . . . . . . . .> ROW FORMAT DELIMITED
. . . . . . . . . . . . . . . . . . . . . . .> FIELDS TERMINATED BY ','
. . . . . . . . . . . . . . . . . . . . . . .> SELECT * FROM ${hivevar:RESULT_TA BLE};
0: jdbc:hive2://hadoop-03.uni.innopolis.ru:10> 
0: jdbc:hive2://hadoop-03.uni.innopolis.ru:10> 